This is XeTeX, Version 3.14159265-2.6-0.99999 (TeX Live 2019/dev/Debian) (preloaded format=xelatex 2019.12.25)  9 FEB 2020 00:03
entering extended mode
 \write18 enabled.
 %&-line parsing enabled.
**main.tex
(./main.tex
LaTeX2e <2018-12-01>
(/usr/share/texlive/texmf-dist/tex/latex/base/article.cls
Document Class: article 2018/09/03 v1.4i Standard LaTeX document class
(/usr/share/texlive/texmf-dist/tex/latex/base/size10.clo
File: size10.clo 2018/09/03 v1.4i Standard LaTeX file (size option)
)
\c@part=\count80
\c@section=\count81
\c@subsection=\count82
\c@subsubsection=\count83
\c@paragraph=\count84
\c@subparagraph=\count85
\c@figure=\count86
\c@table=\count87
\abovecaptionskip=\skip41
\belowcaptionskip=\skip42
\bibindent=\dimen102
)
(/usr/share/texlive/texmf-dist/tex/latex/fontspec/fontspec.sty
(/usr/share/texlive/texmf-dist/tex/latex/l3packages/xparse/xparse.sty
(/usr/share/texlive/texmf-dist/tex/latex/l3kernel/expl3.sty
Package: expl3 2019-02-15 L3 programming layer (loader) 

(/usr/share/texlive/texmf-dist/tex/latex/l3kernel/expl3-code.tex
Package: expl3 2019-02-15 L3 programming layer (code)
\c_max_int=\count88
\l_tmpa_int=\count89
\l_tmpb_int=\count90
\g_tmpa_int=\count91
\g_tmpb_int=\count92
\g__kernel_prg_map_int=\count93
\c_log_iow=\count94
\l_iow_line_count_int=\count95
\l__iow_line_target_int=\count96
\l__iow_one_indent_int=\count97
\l__iow_indent_int=\count98
\c_zero_dim=\dimen103
\c_max_dim=\dimen104
\l_tmpa_dim=\dimen105
\l_tmpb_dim=\dimen106
\g_tmpa_dim=\dimen107
\g_tmpb_dim=\dimen108
\c_zero_skip=\skip43
\c_max_skip=\skip44
\l_tmpa_skip=\skip45
\l_tmpb_skip=\skip46
\g_tmpa_skip=\skip47
\g_tmpb_skip=\skip48
\c_zero_muskip=\muskip10
\c_max_muskip=\muskip11
\l_tmpa_muskip=\muskip12
\l_tmpb_muskip=\muskip13
\g_tmpa_muskip=\muskip14
\g_tmpb_muskip=\muskip15
\l_keys_choice_int=\count99
\l__intarray_loop_int=\count100
\c__intarray_sp_dim=\dimen109
\g__intarray_font_int=\count101
\c__fp_leading_shift_int=\count102
\c__fp_middle_shift_int=\count103
\c__fp_trailing_shift_int=\count104
\c__fp_big_leading_shift_int=\count105
\c__fp_big_middle_shift_int=\count106
\c__fp_big_trailing_shift_int=\count107
\c__fp_Bigg_leading_shift_int=\count108
\c__fp_Bigg_middle_shift_int=\count109
\c__fp_Bigg_trailing_shift_int=\count110
\g__fp_array_int=\count111
\l__fp_array_loop_int=\count112
\l__sort_length_int=\count113
\l__sort_min_int=\count114
\l__sort_top_int=\count115
\l__sort_max_int=\count116
\l__sort_true_max_int=\count117
\l__sort_block_int=\count118
\l__sort_begin_int=\count119
\l__sort_end_int=\count120
\l__sort_A_int=\count121
\l__sort_B_int=\count122
\l__sort_C_int=\count123
\l__tl_analysis_normal_int=\count124
\l__tl_analysis_index_int=\count125
\l__tl_analysis_nesting_int=\count126
\l__tl_analysis_type_int=\count127
\l__regex_internal_a_int=\count128
\l__regex_internal_b_int=\count129
\l__regex_internal_c_int=\count130
\l__regex_balance_int=\count131
\l__regex_group_level_int=\count132
\l__regex_mode_int=\count133
\c__regex_cs_in_class_mode_int=\count134
\c__regex_cs_mode_int=\count135
\l__regex_catcodes_int=\count136
\l__regex_default_catcodes_int=\count137
\c__regex_catcode_L_int=\count138
\c__regex_catcode_O_int=\count139
\c__regex_catcode_A_int=\count140
\c__regex_all_catcodes_int=\count141
\l__regex_show_lines_int=\count142
\l__regex_min_state_int=\count143
\l__regex_max_state_int=\count144
\l__regex_left_state_int=\count145
\l__regex_right_state_int=\count146
\l__regex_capturing_group_int=\count147
\l__regex_min_pos_int=\count148
\l__regex_max_pos_int=\count149
\l__regex_curr_pos_int=\count150
\l__regex_start_pos_int=\count151
\l__regex_success_pos_int=\count152
\l__regex_curr_char_int=\count153
\l__regex_curr_catcode_int=\count154
\l__regex_last_char_int=\count155
\l__regex_case_changed_char_int=\count156
\l__regex_curr_state_int=\count157
\l__regex_step_int=\count158
\l__regex_min_active_int=\count159
\l__regex_max_active_int=\count160
\l__regex_replacement_csnames_int=\count161
\l__regex_match_count_int=\count162
\l__regex_min_submatch_int=\count163
\l__regex_submatch_int=\count164
\l__regex_zeroth_submatch_int=\count165
\g__regex_trace_regex_int=\count166
\c_empty_box=\box27
\l_tmpa_box=\box28
\l_tmpb_box=\box29
\g_tmpa_box=\box30
\g_tmpb_box=\box31
\l__box_top_dim=\dimen110
\l__box_bottom_dim=\dimen111
\l__box_left_dim=\dimen112
\l__box_right_dim=\dimen113
\l__box_top_new_dim=\dimen114
\l__box_bottom_new_dim=\dimen115
\l__box_left_new_dim=\dimen116
\l__box_right_new_dim=\dimen117
\l__box_internal_box=\box32
\l__coffin_internal_box=\box33
\l__coffin_internal_dim=\dimen118
\l__coffin_offset_x_dim=\dimen119
\l__coffin_offset_y_dim=\dimen120
\l__coffin_x_dim=\dimen121
\l__coffin_y_dim=\dimen122
\l__coffin_x_prime_dim=\dimen123
\l__coffin_y_prime_dim=\dimen124
\c_empty_coffin=\box34
\l__coffin_aligned_coffin=\box35
\l__coffin_aligned_internal_coffin=\box36
\l_tmpa_coffin=\box37
\l_tmpb_coffin=\box38
\g_tmpa_coffin=\box39
\g_tmpb_coffin=\box40
\c__coffin_empty_coffin=\box41
\l__coffin_display_coffin=\box42
\l__coffin_display_coord_coffin=\box43
\l__coffin_display_pole_coffin=\box44
\l__coffin_display_offset_dim=\dimen125
\l__coffin_display_x_dim=\dimen126
\l__coffin_display_y_dim=\dimen127
\g__file_internal_ior=\read1
\l__coffin_bounding_shift_dim=\dimen128
\l__coffin_left_corner_dim=\dimen129
\l__coffin_right_corner_dim=\dimen130
\l__coffin_bottom_corner_dim=\dimen131
\l__coffin_top_corner_dim=\dimen132
\l__coffin_scaled_total_height_dim=\dimen133
\l__coffin_scaled_width_dim=\dimen134
\l__seq_internal_a_int=\count167
\l__seq_internal_b_int=\count168
)
(/usr/share/texlive/texmf-dist/tex/latex/l3kernel/l3xdvipdfmx.def
File: l3xdvipdfmx.def 2019-02-15 v L3 Experimental driver: xdvipdfmx
\g__driver_image_int=\count169
\g__driver_pdf_object_int=\count170
))
Package: xparse 2018-10-17 L3 Experimental document command parser
\l__xparse_current_arg_int=\count171
\g__xparse_grabber_int=\count172
\l__xparse_m_args_int=\count173
\l__xparse_mandatory_args_int=\count174
\l__xparse_v_nesting_int=\count175
)
Package: fontspec 2019/02/12 v2.7b Font selection for XeLaTeX and LuaLaTeX

(/usr/share/texlive/texmf-dist/tex/latex/fontspec/fontspec-xetex.sty
Package: fontspec-xetex 2019/02/12 v2.7b Font selection for XeLaTeX and LuaLaTe
X
\l__fontspec_script_int=\count176
\l__fontspec_language_int=\count177
\l__fontspec_strnum_int=\count178
\l__fontspec_tmp_int=\count179
\l__fontspec_tmpa_int=\count180
\l__fontspec_tmpb_int=\count181
\l__fontspec_tmpc_int=\count182
\l__fontspec_em_int=\count183
\l__fontspec_emdef_int=\count184
\l__fontspec_strong_int=\count185
\l__fontspec_strongdef_int=\count186
\l__fontspec_tmpa_dim=\dimen135
\l__fontspec_tmpb_dim=\dimen136
\l__fontspec_tmpc_dim=\dimen137

(/usr/share/texlive/texmf-dist/tex/latex/base/fontenc.sty
Package: fontenc 2018/08/11 v2.0j Standard LaTeX package

(/usr/share/texlive/texmf-dist/tex/latex/base/tuenc.def
File: tuenc.def 2018/08/11 v2.0j Standard LaTeX file
LaTeX Font Info:    Redeclaring font encoding TU on input line 82.
))
(/usr/share/texlive/texmf-dist/tex/latex/fontspec/fontspec.cfg)
LaTeX Info: Redefining \itshape on input line 4044.
LaTeX Info: Redefining \slshape on input line 4049.
LaTeX Info: Redefining \scshape on input line 4054.
LaTeX Info: Redefining \upshape on input line 4059.
LaTeX Info: Redefining \em on input line 4089.
LaTeX Info: Redefining \emph on input line 4114.
))

Package fontspec Info: Could not resolve font "Noto Sans Tifinagh/BI" (it
(fontspec)             probably doesn't exist).


Package fontspec Info: Could not resolve font "Noto Sans Tifinagh/B" (it
(fontspec)             probably doesn't exist).


Package fontspec Info: Could not resolve font "Noto Sans Tifinagh/I" (it
(fontspec)             probably doesn't exist).


Package fontspec Info: Font family 'NotoSansTifinagh(0)' created for font
(fontspec)             'Noto Sans Tifinagh' with options [Ligatures=TeX].
(fontspec)              
(fontspec)              This font family consists of the following NFSS
(fontspec)             series/shapes:
(fontspec)              
(fontspec)             - 'normal' (m/n) with NFSS spec.: <->"Noto Sans
(fontspec)             Tifinagh/OT:script=DFLT;language=DFLT;mapping=tex-text;"

(fontspec)             - 'small caps'  (m/sc) with NFSS spec.: 

LaTeX Info: Redefining \rmfamily on input line 7.

(.bin/main.aux)
\openout1 = `main.aux'.

LaTeX Font Info:    Checking defaults for OML/cmm/m/it on input line 8.
LaTeX Font Info:    ... okay on input line 8.
LaTeX Font Info:    Checking defaults for T1/cmr/m/n on input line 8.
LaTeX Font Info:    ... okay on input line 8.
LaTeX Font Info:    Checking defaults for OT1/cmr/m/n on input line 8.
LaTeX Font Info:    ... okay on input line 8.
LaTeX Font Info:    Checking defaults for OMS/cmsy/m/n on input line 8.
LaTeX Font Info:    ... okay on input line 8.
LaTeX Font Info:    Checking defaults for TU/lmr/m/n on input line 8.
LaTeX Font Info:    ... okay on input line 8.
LaTeX Font Info:    Checking defaults for OMX/cmex/m/n on input line 8.
LaTeX Font Info:    ... okay on input line 8.
LaTeX Font Info:    Checking defaults for U/cmr/m/n on input line 8.
LaTeX Font Info:    ... okay on input line 8.

Package fontspec Info: Adjusting the maths setup (use [no-math] to avoid
(fontspec)             this).

\symlegacymaths=\mathgroup4
LaTeX Font Info:    Overwriting symbol font `legacymaths' in version `bold'
(Font)                  OT1/cmr/m/n --> OT1/cmr/bx/n on input line 8.
LaTeX Font Info:    Redeclaring math accent \acute on input line 8.
LaTeX Font Info:    Redeclaring math accent \grave on input line 8.
LaTeX Font Info:    Redeclaring math accent \ddot on input line 8.
LaTeX Font Info:    Redeclaring math accent \tilde on input line 8.
LaTeX Font Info:    Redeclaring math accent \bar on input line 8.
LaTeX Font Info:    Redeclaring math accent \breve on input line 8.
LaTeX Font Info:    Redeclaring math accent \check on input line 8.
LaTeX Font Info:    Redeclaring math accent \hat on input line 8.
LaTeX Font Info:    Redeclaring math accent \dot on input line 8.
LaTeX Font Info:    Redeclaring math accent \mathring on input line 8.
LaTeX Font Info:    Redeclaring math symbol \colon on input line 8.
LaTeX Font Info:    Redeclaring math symbol \Gamma on input line 8.
LaTeX Font Info:    Redeclaring math symbol \Delta on input line 8.
LaTeX Font Info:    Redeclaring math symbol \Theta on input line 8.
LaTeX Font Info:    Redeclaring math symbol \Lambda on input line 8.
LaTeX Font Info:    Redeclaring math symbol \Xi on input line 8.
LaTeX Font Info:    Redeclaring math symbol \Pi on input line 8.
LaTeX Font Info:    Redeclaring math symbol \Sigma on input line 8.
LaTeX Font Info:    Redeclaring math symbol \Upsilon on input line 8.
LaTeX Font Info:    Redeclaring math symbol \Phi on input line 8.
LaTeX Font Info:    Redeclaring math symbol \Psi on input line 8.
LaTeX Font Info:    Redeclaring math symbol \Omega on input line 8.
LaTeX Font Info:    Redeclaring math symbol \mathdollar on input line 8.
LaTeX Font Info:    Redeclaring symbol font `operators' on input line 8.
LaTeX Font Info:    Encoding `OT1' has changed to `TU' for symbol font
(Font)              `operators' in the math version `normal' on input line 8.
LaTeX Font Info:    Overwriting symbol font `operators' in version `normal'
(Font)                  OT1/cmr/m/n --> TU/NotoSansTifinagh(0)/m/n on input lin
e 8.
LaTeX Font Info:    Encoding `OT1' has changed to `TU' for symbol font
(Font)              `operators' in the math version `bold' on input line 8.
LaTeX Font Info:    Overwriting symbol font `operators' in version `bold'
(Font)                  OT1/cmr/bx/n --> TU/NotoSansTifinagh(0)/m/n on input li
ne 8.
LaTeX Font Info:    Overwriting symbol font `operators' in version `normal'
(Font)                  TU/NotoSansTifinagh(0)/m/n --> TU/NotoSansTifinagh(0)/m
/n on input line 8.
LaTeX Font Info:    Overwriting math alphabet `\mathit' in version `normal'
(Font)                  OT1/cmr/m/it --> TU/NotoSansTifinagh(0)/m/it on input l
ine 8.
LaTeX Font Info:    Overwriting math alphabet `\mathbf' in version `normal'
(Font)                  OT1/cmr/bx/n --> TU/NotoSansTifinagh(0)/bx/n on input l
ine 8.
LaTeX Font Info:    Overwriting math alphabet `\mathsf' in version `normal'
(Font)                  OT1/cmss/m/n --> TU/lmss/m/n on input line 8.
LaTeX Font Info:    Overwriting math alphabet `\mathtt' in version `normal'
(Font)                  OT1/cmtt/m/n --> TU/lmtt/m/n on input line 8.
LaTeX Font Info:    Overwriting symbol font `operators' in version `bold'
(Font)                  TU/NotoSansTifinagh(0)/m/n --> TU/NotoSansTifinagh(0)/b
x/n on input line 8.
LaTeX Font Info:    Overwriting math alphabet `\mathit' in version `bold'
(Font)                  OT1/cmr/bx/it --> TU/NotoSansTifinagh(0)/bx/it on input
 line 8.
LaTeX Font Info:    Overwriting math alphabet `\mathsf' in version `bold'
(Font)                  OT1/cmss/bx/n --> TU/lmss/bx/n on input line 8.
LaTeX Font Info:    Overwriting math alphabet `\mathtt' in version `bold'
(Font)                  OT1/cmtt/m/n --> TU/lmtt/bx/n on input line 8.
LaTeX Font Info:    External font `cmex10' loaded for size
(Font)              <7> on input line 11.
LaTeX Font Info:    External font `cmex10' loaded for size
(Font)              <5> on input line 11.
Missing character: There is no 0 in font Noto Sans Tifinagh Regular/OT:script=D
FLT;language=DFLT;mapping=tex-text;!
Missing character: There is no 1 in font Noto Sans Tifinagh Regular/OT:script=D
FLT;language=DFLT;mapping=tex-text;!
Missing character: There is no 2 in font Noto Sans Tifinagh Regular/OT:script=D
FLT;language=DFLT;mapping=tex-text;!
Missing character: There is no 3 in font Noto Sans Tifinagh Regular/OT:script=D
FLT;language=DFLT;mapping=tex-text;!
Missing character: There is no 4 in font Noto Sans Tifinagh Regular/OT:script=D
FLT;language=DFLT;mapping=tex-text;!
Missing character: There is no 5 in font Noto Sans Tifinagh Regular/OT:script=D
FLT;language=DFLT;mapping=tex-text;!
Missing character: There is no 6 in font Noto Sans Tifinagh Regular/OT:script=D
FLT;language=DFLT;mapping=tex-text;!
Missing character: There is no 7 in font Noto Sans Tifinagh Regular/OT:script=D
FLT;language=DFLT;mapping=tex-text;!
Missing character: There is no 8 in font Noto Sans Tifinagh Regular/OT:script=D
FLT;language=DFLT;mapping=tex-text;!
Missing character: There is no 9 in font Noto Sans Tifinagh Regular/OT:script=D
FLT;language=DFLT;mapping=tex-text;!
Missing character: There is no A in font Noto Sans Tifinagh Regular/OT:script=D
FLT;language=DFLT;mapping=tex-text;!
Missing character: There is no B in font Noto Sans Tifinagh Regular/OT:script=D
FLT;language=DFLT;mapping=tex-text;!
Missing character: There is no C in font Noto Sans Tifinagh Regular/OT:script=D
FLT;language=DFLT;mapping=tex-text;!
Missing character: There is no D in font Noto Sans Tifinagh Regular/OT:script=D
FLT;language=DFLT;mapping=tex-text;!
Missing character: There is no E in font Noto Sans Tifinagh Regular/OT:script=D
FLT;language=DFLT;mapping=tex-text;!
Missing character: There is no F in font Noto Sans Tifinagh Regular/OT:script=D
FLT;language=DFLT;mapping=tex-text;!
Missing character: There is no U in font Noto Sans Tifinagh Regular/OT:script=D
FLT;language=DFLT;mapping=tex-text;!
Missing character: There is no + in font Noto Sans Tifinagh Regular/OT:script=D
FLT;language=DFLT;mapping=tex-text;!
Missing character: There is no 2 in font Noto Sans Tifinagh Regular/OT:script=D
FLT;language=DFLT;mapping=tex-text;!
Missing character: There is no D in font Noto Sans Tifinagh Regular/OT:script=D
FLT;language=DFLT;mapping=tex-text;!
Missing character: There is no 3 in font Noto Sans Tifinagh Regular/OT:script=D
FLT;language=DFLT;mapping=tex-text;!
Missing character: There is no x in font Noto Sans Tifinagh Regular/OT:script=D
FLT;language=DFLT;mapping=tex-text;!
Missing character: There is no U in font Noto Sans Tifinagh Regular/OT:script=D
FLT;language=DFLT;mapping=tex-text;!
Missing character: There is no + in font Noto Sans Tifinagh Regular/OT:script=D
FLT;language=DFLT;mapping=tex-text;!
Missing character: There is no 2 in font Noto Sans Tifinagh Regular/OT:script=D
FLT;language=DFLT;mapping=tex-text;!
Missing character: There is no D in font Noto Sans Tifinagh Regular/OT:script=D
FLT;language=DFLT;mapping=tex-text;!
Missing character: There is no 4 in font Noto Sans Tifinagh Regular/OT:script=D
FLT;language=DFLT;mapping=tex-text;!
Missing character: There is no x in font Noto Sans Tifinagh Regular/OT:script=D
FLT;language=DFLT;mapping=tex-text;!
Missing character: There is no U in font Noto Sans Tifinagh Regular/OT:script=D
FLT;language=DFLT;mapping=tex-text;!
Missing character: There is no + in font Noto Sans Tifinagh Regular/OT:script=D
FLT;language=DFLT;mapping=tex-text;!
Missing character: There is no 2 in font Noto Sans Tifinagh Regular/OT:script=D
FLT;language=DFLT;mapping=tex-text;!
Missing character: There is no D in font Noto Sans Tifinagh Regular/OT:script=D
FLT;language=DFLT;mapping=tex-text;!
Missing character: There is no 5 in font Noto Sans Tifinagh Regular/OT:script=D
FLT;language=DFLT;mapping=tex-text;!
Missing character: There is no x in font Noto Sans Tifinagh Regular/OT:script=D
FLT;language=DFLT;mapping=tex-text;!
Missing character: There is no U in font Noto Sans Tifinagh Regular/OT:script=D
FLT;language=DFLT;mapping=tex-text;!
Missing character: There is no + in font Noto Sans Tifinagh Regular/OT:script=D
FLT;language=DFLT;mapping=tex-text;!
Missing character: There is no 2 in font Noto Sans Tifinagh Regular/OT:script=D
FLT;language=DFLT;mapping=tex-text;!
Missing character: There is no D in font Noto Sans Tifinagh Regular/OT:script=D
FLT;language=DFLT;mapping=tex-text;!
Missing character: There is no 6 in font Noto Sans Tifinagh Regular/OT:script=D
FLT;language=DFLT;mapping=tex-text;!
Missing character: There is no x in font Noto Sans Tifinagh Regular/OT:script=D
FLT;language=DFLT;mapping=tex-text;!
Missing character: There is no U in font Noto Sans Tifinagh Regular/OT:script=D
FLT;language=DFLT;mapping=tex-text;!
Missing character: There is no + in font Noto Sans Tifinagh Regular/OT:script=D
FLT;language=DFLT;mapping=tex-text;!
Missing character: There is no 2 in font Noto Sans Tifinagh Regular/OT:script=D
FLT;language=DFLT;mapping=tex-text;!
Missing character: There is no D in font Noto Sans Tifinagh Regular/OT:script=D
FLT;language=DFLT;mapping=tex-text;!
Missing character: There is no 7 in font Noto Sans Tifinagh Regular/OT:script=D
FLT;language=DFLT;mapping=tex-text;!
Missing character: There is no x in font Noto Sans Tifinagh Regular/OT:script=D
FLT;language=DFLT;mapping=tex-text;!

Overfull \hbox (38.27007pt too wide) in paragraph at lines 11--119
[][] 
 []

Missing character: There is no 1 in font Noto Sans Tifinagh Regular/OT:script=D
FLT;language=DFLT;mapping=tex-text;!
[1

] (.bin/main.aux) ) 
Here is how much of TeX's memory you used:
 11728 strings out of 492912
 267283 string characters out of 6134892
 338545 words of memory out of 5000000
 15810 multiletter control sequences out of 15000+600000
 532410 words of font info for 33 fonts, out of 8000000 for 9000
 1348 hyphenation exceptions out of 8191
 39i,6n,67p,315b,446s stack positions out of 5000i,500n,10000p,200000b,80000s

Output written on .bin/main.xdv (1 page, 2528 bytes).
