\BOOKMARK [0][-]{part.1}{1 Introduction}{}% 1
\BOOKMARK [1][-]{section.1.1}{Context and motivation}{part.1}% 2
\BOOKMARK [1][-]{section.1.2}{Methodology and contributions}{part.1}% 3
\BOOKMARK [1][-]{section.1.3}{Organization of the thesis}{part.1}% 4
\BOOKMARK [0][-]{part.2}{2 Survey A}{}% 5
\BOOKMARK [1][-]{section.2.1}{All}{part.2}% 6
\BOOKMARK [1][-]{section.2.2}{IoT applications requirements bregellhardware2015}{part.2}% 7
\BOOKMARK [2][-]{subsection.2.2.1}{Summary and discussion}{section.2.2}% 8
\BOOKMARK [1][-]{section.2.3}{IoT Wireless Networks \(Norms \046 Standards\)}{part.2}% 9
\BOOKMARK [2][-]{subsection.2.3.1}{SigFox}{section.2.3}% 10
\BOOKMARK [2][-]{subsection.2.3.2}{IETF}{section.2.3}% 11
\BOOKMARK [3][-]{subsubsection.2.3.2.1}{6LoWPAN}{subsection.2.3.2}% 12
\BOOKMARK [2][-]{subsection.2.3.3}{3GPP}{section.2.3}% 13
\BOOKMARK [3][-]{subsubsection.2.3.3.1}{NB-IoT}{subsection.2.3.3}% 14
\BOOKMARK [3][-]{subsubsection.2.3.3.2}{EC-GSM}{subsection.2.3.3}% 15
\BOOKMARK [3][-]{subsubsection.2.3.3.3}{e-MTC}{subsection.2.3.3}% 16
\BOOKMARK [2][-]{subsection.2.3.4}{IEEE}{section.2.3}% 17
\BOOKMARK [3][-]{subsubsection.2.3.4.1}{IEEE 802.11}{subsection.2.3.4}% 18
\BOOKMARK [3][-]{subsubsection.2.3.4.2}{IEEE 802.15.4}{subsection.2.3.4}% 19
\BOOKMARK [3][-]{subsubsection.2.3.4.3}{ZigBee}{subsection.2.3.4}% 20
\BOOKMARK [2][-]{subsection.2.3.5}{LoRaWAN}{section.2.3}% 21
\BOOKMARK [3][-]{subsubsection.2.3.5.1}{ALIANCE}{subsection.2.3.5}% 22
\BOOKMARK [3][-]{figure.caption.17}{SEMTECH}{subsection.2.3.5}% 23
\BOOKMARK [2][-]{subsection.2.3.6}{Divers}{section.2.3}% 24
\BOOKMARK [3][-]{subsubsection.2.3.6.1}{IPLC}{subsection.2.3.6}% 25
\BOOKMARK [3][-]{subsubsection.2.3.6.2}{BACnet}{subsection.2.3.6}% 26
\BOOKMARK [3][-]{subsubsection.2.3.6.3}{Z-WAze}{subsection.2.3.6}% 27
\BOOKMARK [3][-]{subsubsection.2.3.6.4}{Bluetooth LE}{subsection.2.3.6}% 28
\BOOKMARK [2][-]{subsection.2.3.7}{Summary and discussion}{section.2.3}% 29
\BOOKMARK [1][-]{section.2.4}{IoT Protocols}{part.2}% 30
\BOOKMARK [2][-]{subsection.2.4.1}{Application}{section.2.4}% 31
\BOOKMARK [3][-]{subsubsection.2.4.1.1}{LwM2M}{subsection.2.4.1}% 32
\BOOKMARK [3][-]{subsubsection.2.4.1.2}{CBOR}{subsection.2.4.1}% 33
\BOOKMARK [3][-]{subsubsection.2.4.1.3}{DTLS}{subsection.2.4.1}% 34
\BOOKMARK [3][-]{subsubsection.2.4.1.4}{OSCOAP}{subsection.2.4.1}% 35
\BOOKMARK [3][-]{figure.caption.28}{CoAP}{subsection.2.4.1}% 36
\BOOKMARK [3][-]{figure.caption.29}{MQTT}{subsection.2.4.1}% 37
\BOOKMARK [3][-]{subsubsection.2.4.1.7}{XMPP}{subsection.2.4.1}% 38
\BOOKMARK [3][-]{subsubsection.2.4.1.8}{AMQP}{subsection.2.4.1}% 39
\BOOKMARK [3][-]{subsubsection.2.4.1.9}{DDS}{subsection.2.4.1}% 40
\BOOKMARK [3][-]{subsubsection.2.4.1.10}{mDNS}{subsection.2.4.1}% 41
\BOOKMARK [3][-]{subsubsection.2.4.1.11}{COAP \(COnstrained Application Protocol\)}{subsection.2.4.1}% 42
\BOOKMARK [3][-]{subsubsection.2.4.1.12}{MQTT}{subsection.2.4.1}% 43
\BOOKMARK [3][-]{subsubsection.2.4.1.13}{XMPP}{subsection.2.4.1}% 44
\BOOKMARK [3][-]{subsubsection.2.4.1.14}{AMQP}{subsection.2.4.1}% 45
\BOOKMARK [3][-]{subsubsection.2.4.1.15}{DDS}{subsection.2.4.1}% 46
\BOOKMARK [3][-]{subsubsection.2.4.1.16}{mDNS}{subsection.2.4.1}% 47
\BOOKMARK [2][-]{subsection.2.4.2}{Network}{section.2.4}% 48
\BOOKMARK [3][-]{subsubsection.2.4.2.1}{6TiSCH}{subsection.2.4.2}% 49
\BOOKMARK [3][-]{subsubsection.2.4.2.2}{OLSRv2}{subsection.2.4.2}% 50
\BOOKMARK [3][-]{subsubsection.2.4.2.3}{AODVv2}{subsection.2.4.2}% 51
\BOOKMARK [3][-]{subsubsection.2.4.2.4}{LoRaWAN}{subsection.2.4.2}% 52
\BOOKMARK [3][-]{subsubsection.2.4.2.5}{ROHC}{subsection.2.4.2}% 53
\BOOKMARK [3][-]{subsubsection.2.4.2.6}{IPHC}{subsection.2.4.2}% 54
\BOOKMARK [3][-]{subsubsection.2.4.2.7}{SCHC}{subsection.2.4.2}% 55
\BOOKMARK [3][-]{subsubsection.2.4.2.8}{NHC}{subsection.2.4.2}% 56
\BOOKMARK [3][-]{subsubsection.2.4.2.9}{ROLL}{subsection.2.4.2}% 57
\BOOKMARK [3][-]{subsubsection.2.4.2.10}{RPL}{subsection.2.4.2}% 58
\BOOKMARK [3][-]{subsubsection.2.4.2.11}{6LowPAN}{subsection.2.4.2}% 59
\BOOKMARK [2][-]{subsection.2.4.3}{MAC}{section.2.4}% 60
\BOOKMARK [3][-]{subsubsection.2.4.3.1}{Sharing the channel}{subsection.2.4.3}% 61
\BOOKMARK [3][-]{subsubsection.2.4.3.2}{Transmitting information}{subsection.2.4.3}% 62
\BOOKMARK [2][-]{subsection.2.4.4}{Radio}{section.2.4}% 63
\BOOKMARK [3][-]{subsubsection.2.4.4.1}{Digital modulation}{subsection.2.4.4}% 64
\BOOKMARK [3][-]{subsubsection.2.4.4.2}{Hierarchical modulation}{subsection.2.4.4}% 65
\BOOKMARK [3][-]{subsubsection.2.4.4.3}{Spread spectrum}{subsection.2.4.4}% 66
\BOOKMARK [3][-]{subsubsection.2.4.4.4}{Radio performance}{subsection.2.4.4}% 67
\BOOKMARK [2][-]{subsection.2.4.5}{Summary and discussion}{section.2.4}% 68
\BOOKMARK [1][-]{section.2.5}{SDN platforms}{part.2}% 69
\BOOKMARK [1][-]{section.2.6}{Blockchain}{part.2}% 70
\BOOKMARK [2][-]{subsection.2.6.1}{Application}{section.2.6}% 71
\BOOKMARK [2][-]{subsection.2.6.2}{Summary and discussion}{section.2.6}% 72
\BOOKMARK [0][-]{part.3}{3 Genetic Algorithm For LoRa}{}% 73
\BOOKMARK [1][-]{section.3.1}{Introduction}{part.3}% 74
\BOOKMARK [1][-]{section.3.2}{Related work}{part.3}% 75
\BOOKMARK [1][-]{section.3.3}{Proposed Framework}{part.3}% 76
\BOOKMARK [1][-]{section.3.4}{Experiments}{part.3}% 77
\BOOKMARK [1][-]{section.3.5}{Discussion}{part.3}% 78
\BOOKMARK [0][-]{part.4}{4 EES}{}% 79
\BOOKMARK [1][-]{section.4.1}{Introduction}{part.4}% 80
\BOOKMARK [1][-]{section.4.2}{Related work}{part.4}% 81
\BOOKMARK [1][-]{section.4.3}{Background}{part.4}% 82
\BOOKMARK [1][-]{section.4.4}{Architecture}{part.4}% 83
\BOOKMARK [1][-]{section.4.5}{Conclusion}{part.4}% 84
\BOOKMARK [0][-]{part.5}{5 Q-Learning}{}% 85
\BOOKMARK [1][-]{section.5.1}{Introduction}{part.5}% 86
\BOOKMARK [1][-]{section.5.2}{Related work}{part.5}% 87
\BOOKMARK [1][-]{section.5.3}{Background}{part.5}% 88
\BOOKMARK [2][-]{subsection.5.3.1}{Hardware}{section.5.3}% 89
\BOOKMARK [2][-]{subsection.5.3.2}{Operating system}{section.5.3}% 90
\BOOKMARK [2][-]{subsection.5.3.3}{Communication protocol}{section.5.3}% 91
\BOOKMARK [2][-]{subsection.5.3.4}{Workspace and tools}{section.5.3}% 92
\BOOKMARK [1][-]{section.5.4}{Approach}{part.5}% 93
\BOOKMARK [2][-]{subsection.5.4.1}{The FL-based Control Component}{section.5.4}% 94
\BOOKMARK [3][-]{subsubsection.5.4.1.1}{Inputs}{subsection.5.4.1}% 95
\BOOKMARK [3][-]{subsubsection.5.4.1.2}{Outputs}{subsection.5.4.1}% 96
\BOOKMARK [2][-]{subsection.5.4.2}{The GA Component}{section.5.4}% 97
\BOOKMARK [3][-]{subsubsection.5.4.2.1}{Objective function 1 \(UP\)}{subsection.5.4.2}% 98
\BOOKMARK [3][-]{subsubsection.5.4.2.2}{Objective function 2 \(RSS\)}{subsection.5.4.2}% 99
\BOOKMARK [3][-]{subsubsection.5.4.2.3}{Objective function 3}{subsection.5.4.2}% 100
\BOOKMARK [2][-]{subsection.5.4.3}{The MCDM Component}{section.5.4}% 101
\BOOKMARK [1][-]{section.5.5}{Experiments}{part.5}% 102
\BOOKMARK [1][-]{section.5.6}{Results exploitation}{part.5}% 103
\BOOKMARK [2][-]{subsection.5.6.1}{servicetype-based selection algorithm}{section.5.6}% 104
\BOOKMARK [2][-]{subsection.5.6.2}{terminal speed-based selection algorithm}{section.5.6}% 105
\BOOKMARK [2][-]{subsection.5.6.3}{random-based selection algorith}{section.5.6}% 106
\BOOKMARK [1][-]{section.5.7}{Conclusion}{part.5}% 107
\BOOKMARK [0][-]{part.6}{6 Q-Learning}{}% 108
\BOOKMARK [1][-]{section.6.1}{Introduction}{part.6}% 109
\BOOKMARK [1][-]{section.6.2}{Related work}{part.6}% 110
\BOOKMARK [1][-]{section.6.3}{Background}{part.6}% 111
\BOOKMARK [2][-]{subsection.6.3.1}{Hardware}{section.6.3}% 112
\BOOKMARK [2][-]{subsection.6.3.2}{Operating system}{section.6.3}% 113
\BOOKMARK [2][-]{subsection.6.3.3}{Communication protocol}{section.6.3}% 114
\BOOKMARK [2][-]{subsection.6.3.4}{Workspace and tools}{section.6.3}% 115
\BOOKMARK [1][-]{section.6.4}{Approach}{part.6}% 116
\BOOKMARK [1][-]{section.6.5}{Experimentation}{part.6}% 117
\BOOKMARK [1][-]{section.6.6}{Results exploitation}{part.6}% 118
\BOOKMARK [2][-]{subsection.6.6.1}{Range}{section.6.6}% 119
\BOOKMARK [2][-]{subsection.6.6.2}{Response time}{section.6.6}% 120
\BOOKMARK [2][-]{subsection.6.6.3}{Connection speed}{section.6.6}% 121
\BOOKMARK [2][-]{subsection.6.6.4}{Power consumption}{section.6.6}% 122
\BOOKMARK [1][-]{section.6.7}{Conclusion}{part.6}% 123
\BOOKMARK [0][-]{part.7}{7 ...}{}% 124
\BOOKMARK [1][-]{section.7.1}{Introduction}{part.7}% 125
\BOOKMARK [1][-]{section.7.2}{Related work}{part.7}% 126
\BOOKMARK [2][-]{subsection.7.2.1}{Objenious}{section.7.2}% 127
\BOOKMARK [1][-]{section.7.3}{Background}{part.7}% 128
\BOOKMARK [2][-]{subsection.7.3.1}{Hardware}{section.7.3}% 129
\BOOKMARK [2][-]{subsection.7.3.2}{Operating system}{section.7.3}% 130
\BOOKMARK [2][-]{subsection.7.3.3}{Communication protocol}{section.7.3}% 131
\BOOKMARK [2][-]{subsection.7.3.4}{Workspace and tools}{section.7.3}% 132
\BOOKMARK [1][-]{section.7.4}{Approach}{part.7}% 133
\BOOKMARK [1][-]{section.7.5}{Experimentation}{part.7}% 134
\BOOKMARK [1][-]{section.7.6}{Results exploitation}{part.7}% 135
\BOOKMARK [2][-]{subsection.7.6.1}{Range}{section.7.6}% 136
\BOOKMARK [2][-]{subsection.7.6.2}{Response time}{section.7.6}% 137
\BOOKMARK [2][-]{subsection.7.6.3}{Connection speed}{section.7.6}% 138
\BOOKMARK [2][-]{subsection.7.6.4}{Power consumption}{section.7.6}% 139
\BOOKMARK [1][-]{section.7.7}{Conclusion}{part.7}% 140
\BOOKMARK [0][-]{part.8}{8 Testbed}{}% 141
\BOOKMARK [1][-]{section.8.1}{Introduction bregellhardware2015}{part.8}% 142
\BOOKMARK [2][-]{subsection.8.1.1}{Problem Statement}{section.8.1}% 143
\BOOKMARK [2][-]{subsection.8.1.2}{Background}{section.8.1}% 144
\BOOKMARK [2][-]{subsection.8.1.3}{Purpose \(Goal\)}{section.8.1}% 145
\BOOKMARK [2][-]{subsection.8.1.4}{Limitations}{section.8.1}% 146
\BOOKMARK [2][-]{subsection.8.1.5}{Method}{section.8.1}% 147
\BOOKMARK [1][-]{section.8.2}{Related work}{part.8}% 148
\BOOKMARK [1][-]{section.8.3}{Background}{part.8}% 149
\BOOKMARK [2][-]{subsection.8.3.1}{Hardware}{section.8.3}% 150
\BOOKMARK [2][-]{subsection.8.3.2}{Operating system}{section.8.3}% 151
\BOOKMARK [2][-]{subsection.8.3.3}{Communication protocol}{section.8.3}% 152
\BOOKMARK [2][-]{subsection.8.3.4}{Workspace and tools}{section.8.3}% 153
\BOOKMARK [1][-]{section.8.4}{Proposed ...}{part.8}% 154
\BOOKMARK [2][-]{subsection.8.4.1}{Drivers and firmware}{section.8.4}% 155
\BOOKMARK [2][-]{subsection.8.4.2}{CoAP server}{section.8.4}% 156
\BOOKMARK [3][-]{subsubsection.8.4.2.1}{Testing}{subsection.8.4.2}% 157
\BOOKMARK [3][-]{subsubsection.8.4.2.2}{Final prototype}{subsection.8.4.2}% 158
\BOOKMARK [1][-]{section.8.5}{Experimentation}{part.8}% 159
\BOOKMARK [2][-]{subsection.8.5.1}{Range}{section.8.5}% 160
\BOOKMARK [2][-]{subsection.8.5.2}{Response time}{section.8.5}% 161
\BOOKMARK [2][-]{subsection.8.5.3}{Connection speed}{section.8.5}% 162
\BOOKMARK [2][-]{subsection.8.5.4}{Power consumption}{section.8.5}% 163
\BOOKMARK [1][-]{section.8.6}{Results}{part.8}% 164
\BOOKMARK [2][-]{subsection.8.6.1}{Range}{section.8.6}% 165
\BOOKMARK [2][-]{subsection.8.6.2}{Response time}{section.8.6}% 166
\BOOKMARK [2][-]{subsection.8.6.3}{Connection speed}{section.8.6}% 167
\BOOKMARK [2][-]{subsection.8.6.4}{Power consumption}{section.8.6}% 168
\BOOKMARK [2][-]{subsection.8.6.5}{Project execution}{section.8.6}% 169
\BOOKMARK [1][-]{section.8.7}{Discussion}{part.8}% 170
\BOOKMARK [0][-]{part.9}{9 Conclusion}{}% 171
\BOOKMARK [1][-]{section.9.1}{Conclusion}{part.9}% 172
\BOOKMARK [1][-]{section.9.2}{Perspectives}{part.9}% 173
\BOOKMARK [0][-]{part.10}{10 Survey plafforms}{}% 174
\BOOKMARK [1][-]{section.10.1}{IoT end devices}{part.10}% 175
\BOOKMARK [2][-]{subsection.10.1.1}{Software platform}{section.10.1}% 176
\BOOKMARK [3][-]{subsubsection.10.1.1.1}{Contiki}{subsection.10.1.1}% 177
\BOOKMARK [3][-]{subsubsection.10.1.1.2}{RIOT}{subsection.10.1.1}% 178
\BOOKMARK [3][-]{subsubsection.10.1.1.3}{TinyOS}{subsection.10.1.1}% 179
\BOOKMARK [3][-]{subsubsection.10.1.1.4}{freeRTOS}{subsection.10.1.1}% 180
\BOOKMARK [3][-]{table.caption.62}{Summary and conclusion}{subsection.10.1.1}% 181
\BOOKMARK [2][-]{subsection.10.1.2}{Hardware platform}{section.10.1}% 182
\BOOKMARK [3][-]{subsubsection.10.1.2.1}{Processing Unit}{subsection.10.1.2}% 183
\BOOKMARK [3][-]{subsubsection.10.1.2.2}{Radio Unit}{subsection.10.1.2}% 184
\BOOKMARK [3][-]{subsubsection.10.1.2.3}{Sensing Unit}{subsection.10.1.2}% 185
\BOOKMARK [2][-]{subsection.10.1.3}{Summary and discussion}{section.10.1}% 186
\BOOKMARK [2][-]{subsection.10.1.4}{Lora}{section.10.1}% 187
\BOOKMARK [1][-]{section.10.2}{Divers}{part.10}% 188
