\BOOKMARK [0][-]{part.1}{1 Industrial Survey}{}% 1
\BOOKMARK [1][-]{section.1.1}{IoT applications requirements bregellhardware2015}{part.1}% 2
\BOOKMARK [2][-]{subsection.1.1.1}{Summary and discussion}{section.1.1}% 3
\BOOKMARK [1][-]{section.1.2}{IoT Wireless Networks \(Norms \046 Standards\)}{part.1}% 4
\BOOKMARK [2][-]{subsection.1.2.1}{SigFox}{section.1.2}% 5
\BOOKMARK [2][-]{subsection.1.2.2}{IETF}{section.1.2}% 6
\BOOKMARK [3][-]{subsubsection.1.2.2.1}{6LoWPAN}{subsection.1.2.2}% 7
\BOOKMARK [2][-]{subsection.1.2.3}{3GPP}{section.1.2}% 8
\BOOKMARK [3][-]{subsubsection.1.2.3.1}{NB-IoT}{subsection.1.2.3}% 9
\BOOKMARK [3][-]{subsubsection.1.2.3.2}{EC-GSM}{subsection.1.2.3}% 10
\BOOKMARK [3][-]{subsubsection.1.2.3.3}{e-MTC}{subsection.1.2.3}% 11
\BOOKMARK [2][-]{subsection.1.2.4}{IEEE}{section.1.2}% 12
\BOOKMARK [3][-]{subsubsection.1.2.4.1}{IEEE 802.11}{subsection.1.2.4}% 13
\BOOKMARK [3][-]{subsubsection.1.2.4.2}{IEEE 802.15.4}{subsection.1.2.4}% 14
\BOOKMARK [3][-]{subsubsection.1.2.4.3}{ZigBee}{subsection.1.2.4}% 15
\BOOKMARK [2][-]{subsection.1.2.5}{LoRaWAN}{section.1.2}% 16
\BOOKMARK [3][-]{subsubsection.1.2.5.1}{ALIANCE}{subsection.1.2.5}% 17
\BOOKMARK [3][-]{figure.caption.16}{SEMTECH}{subsection.1.2.5}% 18
\BOOKMARK [2][-]{subsection.1.2.6}{Divers}{section.1.2}% 19
\BOOKMARK [3][-]{subsubsection.1.2.6.1}{IPLC}{subsection.1.2.6}% 20
\BOOKMARK [3][-]{subsubsection.1.2.6.2}{BACnet}{subsection.1.2.6}% 21
\BOOKMARK [3][-]{subsubsection.1.2.6.3}{Z-WAze}{subsection.1.2.6}% 22
\BOOKMARK [3][-]{subsubsection.1.2.6.4}{Bluetooth LE}{subsection.1.2.6}% 23
\BOOKMARK [2][-]{subsection.1.2.7}{Summary and discussion}{section.1.2}% 24
\BOOKMARK [1][-]{section.1.3}{IoT Protocols}{part.1}% 25
\BOOKMARK [2][-]{subsection.1.3.1}{Application}{section.1.3}% 26
\BOOKMARK [3][-]{subsubsection.1.3.1.1}{LwM2M}{subsection.1.3.1}% 27
\BOOKMARK [3][-]{subsubsection.1.3.1.2}{CBOR}{subsection.1.3.1}% 28
\BOOKMARK [3][-]{subsubsection.1.3.1.3}{DTLS}{subsection.1.3.1}% 29
\BOOKMARK [3][-]{subsubsection.1.3.1.4}{OSCOAP}{subsection.1.3.1}% 30
\BOOKMARK [3][-]{figure.caption.21}{CoAP}{subsection.1.3.1}% 31
\BOOKMARK [3][-]{figure.caption.22}{MQTT}{subsection.1.3.1}% 32
\BOOKMARK [3][-]{subsubsection.1.3.1.7}{XMPP}{subsection.1.3.1}% 33
\BOOKMARK [3][-]{subsubsection.1.3.1.8}{AMQP}{subsection.1.3.1}% 34
\BOOKMARK [3][-]{subsubsection.1.3.1.9}{DDS}{subsection.1.3.1}% 35
\BOOKMARK [3][-]{subsubsection.1.3.1.10}{mDNS}{subsection.1.3.1}% 36
\BOOKMARK [3][-]{subsubsection.1.3.1.11}{COAP \(COnstrained Application Protocol\)}{subsection.1.3.1}% 37
\BOOKMARK [3][-]{subsubsection.1.3.1.12}{MQTT}{subsection.1.3.1}% 38
\BOOKMARK [3][-]{subsubsection.1.3.1.13}{XMPP}{subsection.1.3.1}% 39
\BOOKMARK [3][-]{subsubsection.1.3.1.14}{AMQP}{subsection.1.3.1}% 40
\BOOKMARK [3][-]{subsubsection.1.3.1.15}{DDS}{subsection.1.3.1}% 41
\BOOKMARK [3][-]{subsubsection.1.3.1.16}{mDNS}{subsection.1.3.1}% 42
\BOOKMARK [2][-]{subsection.1.3.2}{Network}{section.1.3}% 43
\BOOKMARK [3][-]{subsubsection.1.3.2.1}{6TiSCH}{subsection.1.3.2}% 44
\BOOKMARK [3][-]{subsubsection.1.3.2.2}{OLSRv2}{subsection.1.3.2}% 45
\BOOKMARK [3][-]{subsubsection.1.3.2.3}{AODVv2}{subsection.1.3.2}% 46
\BOOKMARK [3][-]{subsubsection.1.3.2.4}{LoRaWAN}{subsection.1.3.2}% 47
\BOOKMARK [3][-]{subsubsection.1.3.2.5}{ROHC}{subsection.1.3.2}% 48
\BOOKMARK [3][-]{subsubsection.1.3.2.6}{IPHC}{subsection.1.3.2}% 49
\BOOKMARK [3][-]{subsubsection.1.3.2.7}{SCHC}{subsection.1.3.2}% 50
\BOOKMARK [3][-]{subsubsection.1.3.2.8}{NHC}{subsection.1.3.2}% 51
\BOOKMARK [3][-]{subsubsection.1.3.2.9}{ROLL}{subsection.1.3.2}% 52
\BOOKMARK [3][-]{subsubsection.1.3.2.10}{RPL}{subsection.1.3.2}% 53
\BOOKMARK [3][-]{subsubsection.1.3.2.11}{6LowPAN}{subsection.1.3.2}% 54
\BOOKMARK [2][-]{subsection.1.3.3}{MAC}{section.1.3}% 55
\BOOKMARK [3][-]{subsubsection.1.3.3.1}{Sharing the channel}{subsection.1.3.3}% 56
\BOOKMARK [3][-]{subsubsection.1.3.3.2}{Transmitting information}{subsection.1.3.3}% 57
\BOOKMARK [2][-]{subsection.1.3.4}{Radio}{section.1.3}% 58
\BOOKMARK [3][-]{subsubsection.1.3.4.1}{Digital modulation}{subsection.1.3.4}% 59
\BOOKMARK [3][-]{subsubsection.1.3.4.2}{Hierarchical modulation}{subsection.1.3.4}% 60
\BOOKMARK [3][-]{subsubsection.1.3.4.3}{Spread spectrum}{subsection.1.3.4}% 61
\BOOKMARK [3][-]{subsubsection.1.3.4.4}{Radio performance}{subsection.1.3.4}% 62
\BOOKMARK [2][-]{subsection.1.3.5}{Summary and discussion}{section.1.3}% 63
\BOOKMARK [1][-]{section.1.4}{IoT end devices}{part.1}% 64
\BOOKMARK [2][-]{subsection.1.4.1}{Software platform}{section.1.4}% 65
\BOOKMARK [3][-]{subsubsection.1.4.1.1}{Contiki}{subsection.1.4.1}% 66
\BOOKMARK [3][-]{subsubsection.1.4.1.2}{RIOT}{subsection.1.4.1}% 67
\BOOKMARK [3][-]{subsubsection.1.4.1.3}{TinyOS}{subsection.1.4.1}% 68
\BOOKMARK [3][-]{subsubsection.1.4.1.4}{freeRTOS}{subsection.1.4.1}% 69
\BOOKMARK [3][-]{table.caption.32}{Summary and conclusion}{subsection.1.4.1}% 70
\BOOKMARK [2][-]{subsection.1.4.2}{Hardware platform}{section.1.4}% 71
\BOOKMARK [3][-]{subsubsection.1.4.2.1}{Processing Unit}{subsection.1.4.2}% 72
\BOOKMARK [3][-]{subsubsection.1.4.2.2}{Radio Unit}{subsection.1.4.2}% 73
\BOOKMARK [3][-]{subsubsection.1.4.2.3}{Sensing Unit}{subsection.1.4.2}% 74
\BOOKMARK [2][-]{subsection.1.4.3}{Summary and discussion}{section.1.4}% 75
\BOOKMARK [1][-]{section.1.5}{SDN platforms}{part.1}% 76
\BOOKMARK [1][-]{section.1.6}{Blockchain}{part.1}% 77
\BOOKMARK [2][-]{subsection.1.6.1}{Application}{section.1.6}% 78
\BOOKMARK [2][-]{subsection.1.6.2}{Summary and discussion}{section.1.6}% 79
