\BOOKMARK [0][-]{chapter.1}{Industrial Survey}{}% 1
\BOOKMARK [1][-]{section.1.1}{IoT applications requirements bregellhardware2015}{chapter.1}% 2
\BOOKMARK [2][-]{subsection.1.1.1}{Summary and discussion}{section.1.1}% 3
\BOOKMARK [1][-]{section.1.2}{IoT Wireless Networks \(Norms \046 Standards\)}{chapter.1}% 4
\BOOKMARK [2][-]{subsection.1.2.1}{SigFox}{section.1.2}% 5
\BOOKMARK [2][-]{subsection.1.2.2}{IETF}{section.1.2}% 6
\BOOKMARK [2][-]{subsection.1.2.3}{3GPP}{section.1.2}% 7
\BOOKMARK [2][-]{subsection.1.2.4}{IEEE}{section.1.2}% 8
\BOOKMARK [2][-]{subsection.1.2.5}{LoRaWAN}{section.1.2}% 9
\BOOKMARK [2][-]{subsection.1.2.6}{Divers}{section.1.2}% 10
\BOOKMARK [2][-]{subsection.1.2.7}{Summary and discussion}{section.1.2}% 11
\BOOKMARK [1][-]{section.1.3}{IoT Protocols}{chapter.1}% 12
\BOOKMARK [2][-]{subsection.1.3.1}{Application}{section.1.3}% 13
\BOOKMARK [2][-]{subsection.1.3.2}{Network}{section.1.3}% 14
\BOOKMARK [2][-]{subsection.1.3.3}{MAC}{section.1.3}% 15
\BOOKMARK [2][-]{subsection.1.3.4}{Radio}{section.1.3}% 16
\BOOKMARK [2][-]{subsection.1.3.5}{Summary and discussion}{section.1.3}% 17
\BOOKMARK [1][-]{section.1.4}{IoT end devices}{chapter.1}% 18
\BOOKMARK [2][-]{subsection.1.4.1}{Software platform}{section.1.4}% 19
\BOOKMARK [2][-]{subsection.1.4.2}{Hardware platform}{section.1.4}% 20
\BOOKMARK [2][-]{subsection.1.4.3}{Summary and discussion}{section.1.4}% 21
\BOOKMARK [1][-]{section.1.5}{SDN platforms}{chapter.1}% 22
\BOOKMARK [1][-]{section.1.6}{Blockchain}{chapter.1}% 23
\BOOKMARK [2][-]{subsection.1.6.1}{Application}{section.1.6}% 24
\BOOKMARK [2][-]{subsection.1.6.2}{Summary and discussion}{section.1.6}% 25
